<testng-results>
  <reporter-output>
  </reporter-output>
  <suite name="Selenium Test Automation">
    <groups>
    </groups>
    <test name="Test on Internet Explorer">
      <class name="com.sample.automation.tests.SfdcProfileTC">
        <test-method status="PASS" signature="setUp()" name="setUp" is-config="true" duration-ms="8289" started-at="2014-04-28T16:27:29Z" finished-at="2014-04-28T16:27:37Z">
        </test-method>
        <test-method status="PASS" signature="Test3(java.lang.String, java.lang.String, java.lang.String)" name="Test3" duration-ms="24850" started-at="2014-04-28T16:27:37Z" finished-at="2014-04-28T16:28:02Z">
          <params>
            <param index="0">
              <value>
                <![CDATA[javed.nehal@gmail.com]]>
              </value>
            </param>
            <param index="1">
              <value>
                <![CDATA[Welcome$123]]>
              </value>
            </param>
            <param index="2">
              <value>
                <![CDATA[Javed Nehal]]>
              </value>
            </param>
          </params>
        </test-method>
        <test-method status="PASS" signature="tearDown()" name="tearDown" is-config="true" duration-ms="1002" started-at="2014-04-28T16:28:02Z" finished-at="2014-04-28T16:28:03Z">
        </test-method>
      </class>
      <class name="com.sample.automation.tests.SfdcReportTc">
        <test-method status="PASS" signature="setUp()" name="setUp" is-config="true" duration-ms="5871" started-at="2014-04-28T16:28:03Z" finished-at="2014-04-28T16:28:09Z">
        </test-method>
        <test-method status="FAIL" signature="Test2(java.lang.String, java.lang.String, java.lang.String)" name="Test2" duration-ms="24" started-at="2014-04-28T16:28:09Z" finished-at="2014-04-28T16:28:09Z">
          <params>
            <param index="0">
              <value>
                <![CDATA[javed.nehal@gmail.com]]>
              </value>
            </param>
            <param index="1">
              <value>
                <![CDATA[Welcome$123]]>
              </value>
            </param>
            <param index="2">
              <value>
                <![CDATA[Activities with User -Unfiled]]>
              </value>
            </param>
          </params>
          <exception class="java.io.IOException">
            <message>
              <![CDATA[Cannot run program "D:\download.exe": CreateProcess error=2, The system cannot find the file specified]]>
            </message>
            <full-stacktrace>
              <![CDATA[java.io.IOException: Cannot run program "D:\download.exe": CreateProcess error=2, The system cannot find the file specified
	at java.lang.ProcessBuilder.start(ProcessBuilder.java:1042)
	at java.lang.Runtime.exec(Runtime.java:620)
	at java.lang.Runtime.exec(Runtime.java:485)
	at com.sample.automation.manager.SfdcManager.login1(Unknown Source)
	at com.sample.automation.tests.SfdcReportTc.Test2(Unknown Source)
	at sun.reflect.NativeMethodAccessorImpl.invoke0(Native Method)
	at sun.reflect.NativeMethodAccessorImpl.invoke(NativeMethodAccessorImpl.java:62)
	at sun.reflect.DelegatingMethodAccessorImpl.invoke(DelegatingMethodAccessorImpl.java:43)
	at java.lang.reflect.Method.invoke(Method.java:483)
	at org.testng.internal.MethodHelper.invokeMethod(MethodHelper.java:644)
	at org.testng.internal.Invoker.invokeMethod(Invoker.java:546)
	at org.testng.internal.Invoker.invokeTestMethod(Invoker.java:700)
	at org.testng.internal.Invoker.invokeTestMethods(Invoker.java:1002)
	at org.testng.internal.TestMethodWorker.invokeTestMethods(TestMethodWorker.java:137)
	at org.testng.internal.TestMethodWorker.run(TestMethodWorker.java:121)
	at org.testng.TestRunner.runWorkers(TestRunner.java:908)
	at org.testng.TestRunner.privateRun(TestRunner.java:617)
	at org.testng.TestRunner.run(TestRunner.java:498)
	at org.testng.SuiteRunner.runTest(SuiteRunner.java:329)
	at org.testng.SuiteRunner.access$000(SuiteRunner.java:31)
	at org.testng.SuiteRunner$SuiteWorker.run(SuiteRunner.java:355)
	at org.testng.internal.thread.ThreadUtil$CountDownLatchedRunnable.run(ThreadUtil.java:142)
	at java.util.concurrent.ThreadPoolExecutor.runWorker(ThreadPoolExecutor.java:1142)
	at java.util.concurrent.ThreadPoolExecutor$Worker.run(ThreadPoolExecutor.java:617)
	at java.lang.Thread.run(Thread.java:744)
Caused by: java.io.IOException: CreateProcess error=2, The system cannot find the file specified
	at java.lang.ProcessImpl.create(Native Method)
	at java.lang.ProcessImpl.<init>(ProcessImpl.java:386)
	at java.lang.ProcessImpl.start(ProcessImpl.java:137)
	at java.lang.ProcessBuilder.start(ProcessBuilder.java:1023)
	... 24 more
]]>
            </full-stacktrace>
          </exception>
        </test-method>
        <test-method status="PASS" signature="tearDown()" name="tearDown" is-config="true" duration-ms="1001" started-at="2014-04-28T16:28:09Z" finished-at="2014-04-28T16:28:10Z">
        </test-method>
      </class>
    </test>
  </suite>
</testng-results>
